[0511/000258:ERROR:process_info.cc(608)] range at 0xfffde000, size 0x230 fully unreadable
[0511/000258:ERROR:process_reader_win.cc(232)] ReadMemory at 0xfffde000 of 560 bytes failed: Only part of a ReadProcessMemory or WriteProcessMemory request was completed. (0x12B)
[0511/000258:ERROR:process_snapshot_win.cc(342)] ReadMemory PEB
[0511/000258:ERROR:process_reader_win.cc(232)] ReadMemory at 0x130000 of 64 bytes failed: Only part of a ReadProcessMemory or WriteProcessMemory request was completed. (0x12B)
[0511/000258:WARNING:pe_image_reader.cc(280)] could not read dos header from C:\Program Files (x86)\Google\Chrome\Application\chrome.exe
[0511/000258:ERROR:process_reader_win.cc(232)] ReadMemory at 0x775d0000 of 64 bytes failed: Only part of a ReadProcessMemory or WriteProcessMemory request was completed. (0x12B)
[0511/000258:WARNING:pe_image_reader.cc(280)] could not read dos header from C:\Windows\SysWOW64\ntdll.dll
[0511/000258:ERROR:process_reader_win.cc(232)] ReadMemory at 0x75850000 of 64 bytes failed: Only part of a ReadProcessMemory or WriteProcessMemory request was completed. (0x12B)
[0511/000258:WARNING:pe_image_reader.cc(280)] could not read dos header from C:\Windows\syswow64\KERNELBASE.dll
[0511/000258:ERROR:process_reader_win.cc(232)] ReadMemory at 0x75e50000 of 64 bytes failed: Only part of a ReadProcessMemory or WriteProcessMemory request was completed. (0x12B)
[0511/000258:WARNING:pe_image_reader.cc(280)] could not read dos header from C:\Windows\syswow64\kernel32.dll
[0511/000258:ERROR:process_reader_win.cc(232)] ReadMemory at 0x75ce0000 of 64 bytes failed: Only part of a ReadProcessMemory or WriteProcessMemory request was completed. (0x12B)
[0511/000258:WARNING:pe_image_reader.cc(280)] could not read dos header from C:\Windows\syswow64\msvcrt.dll
[0511/000258:ERROR:process_reader_win.cc(232)] ReadMemory at 0x75120000 of 64 bytes failed: Only part of a ReadProcessMemory or WriteProcessMemory request was completed. (0x12B)
[0511/000258:WARNING:pe_image_reader.cc(280)] could not read dos header from C:\Windows\syswow64\CRYPTBASE.dll
[0511/000258:ERROR:process_reader_win.cc(232)] ReadMemory at 0x75130000 of 64 bytes failed: Only part of a ReadProcessMemory or WriteProcessMemory request was completed. (0x12B)
[0511/000258:WARNING:pe_image_reader.cc(280)] could not read dos header from C:\Windows\syswow64\SspiCli.dll
[0511/000258:ERROR:process_reader_win.cc(232)] ReadMemory at 0x75330000 of 64 bytes failed: Only part of a ReadProcessMemory or WriteProcessMemory request was completed. (0x12B)
[0511/000258:WARNING:pe_image_reader.cc(280)] could not read dos header from C:\Windows\syswow64\RPCRT4.dll
[0511/000258:ERROR:process_reader_win.cc(232)] ReadMemory at 0x75af0000 of 64 bytes failed: Only part of a ReadProcessMemory or WriteProcessMemory request was completed. (0x12B)
[0511/000258:WARNING:pe_image_reader.cc(280)] could not read dos header from C:\Windows\SysWOW64\sechost.dll
[0511/000258:ERROR:process_reader_win.cc(232)] ReadMemory at 0x75f80000 of 64 bytes failed: Only part of a ReadProcessMemory or WriteProcessMemory request was completed. (0x12B)
[0511/000258:WARNING:pe_image_reader.cc(280)] could not read dos header from C:\Windows\syswow64\ADVAPI32.dll
[0511/000258:ERROR:process_reader_win.cc(232)] ReadMemory at 0x73840000 of 64 bytes failed: Only part of a ReadProcessMemory or WriteProcessMemory request was completed. (0x12B)
[0511/000258:WARNING:pe_image_reader.cc(280)] could not read dos header from C:\Program Files (x86)\Google\Chrome\Application\50.0.2661.94\chrome_elf.dll
[0511/000258:ERROR:process_reader_win.cc(232)] ReadMemory at 0x72c00000 of 64 bytes failed: Only part of a ReadProcessMemory or WriteProcessMemory request was completed. (0x12B)
[0511/000258:WARNING:pe_image_reader.cc(280)] could not read dos header from C:\Windows\system32\VERSION.dll
[0511/000258:ERROR:process_reader_win.cc(232)] ReadMemory at 0x761c0000 of 64 bytes failed: Only part of a ReadProcessMemory or WriteProcessMemory request was completed. (0x12B)
[0511/000258:WARNING:pe_image_reader.cc(280)] could not read dos header from C:\Windows\syswow64\USP10.dll
[0511/000258:ERROR:process_reader_win.cc(232)] ReadMemory at 0x75d90000 of 64 bytes failed: Only part of a ReadProcessMemory or WriteProcessMemory request was completed. (0x12B)
[0511/000258:WARNING:pe_image_reader.cc(280)] could not read dos header from C:\Windows\syswow64\LPK.dll
[0511/000258:ERROR:process_reader_win.cc(232)] ReadMemory at 0x76130000 of 64 bytes failed: Only part of a ReadProcessMemory or WriteProcessMemory request was completed. (0x12B)
[0511/000258:WARNING:pe_image_reader.cc(280)] could not read dos header from C:\Windows\syswow64\GDI32.dll
[0511/000258:ERROR:process_reader_win.cc(232)] ReadMemory at 0x75990000 of 64 bytes failed: Only part of a ReadProcessMemory or WriteProcessMemory request was completed. (0x12B)
[0511/000258:WARNING:pe_image_reader.cc(280)] could not read dos header from C:\Windows\syswow64\USER32.dll
[0511/000258:ERROR:process_reader_win.cc(232)] ReadMemory at 0x73f90000 of 64 bytes failed: Only part of a ReadProcessMemory or WriteProcessMemory request was completed. (0x12B)
[0511/000258:WARNING:pe_image_reader.cc(280)] could not read dos header from C:\Windows\system32\WINMM.dll
[0511/000258:ERROR:process_reader_win.cc(232)] ReadMemory at 0x72bd0000 of 64 bytes failed: Only part of a ReadProcessMemory or WriteProcessMemory request was completed. (0x12B)
[0511/000258:WARNING:pe_image_reader.cc(280)] could not read dos header from C:\Windows\system32\profapi.dll
[0511/000258:ERROR:process_reader_win.cc(232)] ReadMemory at 0x73820000 of 64 bytes failed: Only part of a ReadProcessMemory or WriteProcessMemory request was completed. (0x12B)
[0511/000258:WARNING:pe_image_reader.cc(280)] could not read dos header from C:\Windows\system32\USERENV.dll
[0511/000258:ERROR:process_reader_win.cc(232)] ReadMemory at 0x73dc0000 of 64 bytes failed: Only part of a ReadProcessMemory or WriteProcessMemory request was completed. (0x12B)
[0511/000258:WARNING:pe_image_reader.cc(280)] could not read dos header from C:\Windows\system32\WTSAPI32.dll
[0511/000258:ERROR:process_reader_win.cc(232)] ReadMemory at 0x73770000 of 64 bytes failed: Only part of a ReadProcessMemory or WriteProcessMemory request was completed. (0x12B)
[0511/000258:WARNING:pe_image_reader.cc(280)] could not read dos header from C:\Windows\system32\webio.dll
[0511/000258:ERROR:process_reader_win.cc(232)] ReadMemory at 0x737c0000 of 64 bytes failed: Only part of a ReadProcessMemory or WriteProcessMemory request was completed. (0x12B)
[0511/000258:WARNING:pe_image_reader.cc(280)] could not read dos header from C:\Windows\system32\WINHTTP.dll
[0511/000258:ERROR:process_reader_win.cc(232)] ReadMemory at 0x76060000 of 64 bytes failed: Only part of a ReadProcessMemory or WriteProcessMemory request was completed. (0x12B)
[0511/000258:WARNING:pe_image_reader.cc(280)] could not read dos header from C:\Windows\syswow64\MSCTF.dll
[0511/000258:ERROR:process_reader_win.cc(232)] ReadMemory at 0x75a90000 of 64 bytes failed: Only part of a ReadProcessMemory or WriteProcessMemory request was completed. (0x12B)
[0511/000258:WARNING:pe_image_reader.cc(280)] could not read dos header from C:\Windows\system32\IMM32.DLL
[0511/000258:ERROR:process_reader_win.cc(232)] ReadMemory at 0x75c80000 of 64 bytes failed: Only part of a ReadProcessMemory or WriteProcessMemory request was completed. (0x12B)
[0511/000258:WARNING:pe_image_reader.cc(280)] could not read dos header from C:\Windows\syswow64\SHLWAPI.dll
[0511/000258:ERROR:process_reader_win.cc(232)] ReadMemory at 0x76580000 of 64 bytes failed: Only part of a ReadProcessMemory or WriteProcessMemory request was completed. (0x12B)
[0511/000258:WARNING:pe_image_reader.cc(280)] could not read dos header from C:\Windows\syswow64\SHELL32.dll
[0511/000258:ERROR:process_reader_win.cc(232)] ReadMemory at 0x75550000 of 64 bytes failed: Only part of a ReadProcessMemory or WriteProcessMemory request was completed. (0x12B)
[0511/000258:WARNING:pe_image_reader.cc(280)] could not read dos header from C:\Windows\syswow64\PSAPI.DLL
[0511/000258:ERROR:process_reader_win.cc(232)] ReadMemory at 0x733e0000 of 64 bytes failed: Only part of a ReadProcessMemory or WriteProcessMemory request was completed. (0x12B)
[0511/000258:WARNING:pe_image_reader.cc(280)] could not read dos header from C:\Windows\system32\WINSPOOL.DRV
[0511/000258:ERROR:process_reader_win.cc(232)] ReadMemory at 0x72a20000 of 64 bytes failed: Only part of a ReadProcessMemory or WriteProcessMemory request was completed. (0x12B)
[0511/000258:WARNING:pe_image_reader.cc(280)] could not read dos header from C:\Windows\WinSxS\x86_microsoft.windows.common-controls_6595b64144ccf1df_6.0.7600.16385_none_421189da2b7fabfc\COMCTL32.dll
[0511/000258:ERROR:process_reader_win.cc(232)] ReadMemory at 0x75dd0000 of 64 bytes failed: Only part of a ReadProcessMemory or WriteProcessMemory request was completed. (0x12B)
[0511/000258:WARNING:pe_image_reader.cc(280)] could not read dos header from C:\Windows\syswow64\COMDLG32.dll
[0511/000258:ERROR:process_reader_win.cc(232)] ReadMemory at 0x755b0000 of 64 bytes failed: Only part of a ReadProcessMemory or WriteProcessMemory request was completed. (0x12B)
[0511/000258:WARNING:pe_image_reader.cc(280)] could not read dos header from C:\Windows\syswow64\ole32.dll
[0511/000258:ERROR:process_reader_win.cc(232)] ReadMemory at 0x75900000 of 64 bytes failed: Only part of a ReadProcessMemory or WriteProcessMemory request was completed. (0x12B)
[0511/000258:WARNING:pe_image_reader.cc(280)] could not read dos header from C:\Windows\syswow64\OLEAUT32.dll
[0511/000258:ERROR:process_reader_win.cc(232)] ReadMemory at 0x75420000 of 64 bytes failed: Only part of a ReadProcessMemory or WriteProcessMemory request was completed. (0x12B)
[0511/000258:WARNING:pe_image_reader.cc(280)] could not read dos header from C:\Windows\syswow64\NSI.dll
[0511/000258:ERROR:process_reader_win.cc(232)] ReadMemory at 0x73440000 of 64 bytes failed: Only part of a ReadProcessMemory or WriteProcessMemory request was completed. (0x12B)
[0511/000258:WARNING:pe_image_reader.cc(280)] could not read dos header from C:\Windows\system32\WINNSI.DLL
[0511/000258:ERROR:process_reader_win.cc(232)] ReadMemory at 0x72fa0000 of 64 bytes failed: Only part of a ReadProcessMemory or WriteProcessMemory request was completed. (0x12B)
[0511/000258:WARNING:pe_image_reader.cc(280)] could not read dos header from C:\Windows\system32\IPHLPAPI.DLL
[0511/000258:ERROR:process_reader_win.cc(232)] ReadMemory at 0x76020000 of 64 bytes failed: Only part of a ReadProcessMemory or WriteProcessMemory request was completed. (0x12B)
[0511/000258:WARNING:pe_image_reader.cc(280)] could not read dos header from C:\Windows\syswow64\WS2_32.dll
[0511/000258:ERROR:process_reader_win.cc(232)] ReadMemory at 0x775a0000 of 64 bytes failed: Only part of a ReadProcessMemory or WriteProcessMemory request was completed. (0x12B)
[0511/000258:WARNING:pe_image_reader.cc(280)] could not read dos header from C:\Windows\syswow64\MSASN1.dll
[0511/000258:ERROR:process_reader_win.cc(232)] ReadMemory at 0x76460000 of 64 bytes failed: Only part of a ReadProcessMemory or WriteProcessMemory request was completed. (0x12B)
[0511/000258:WARNING:pe_image_reader.cc(280)] could not read dos header from C:\Windows\syswow64\CRYPT32.dll
[0511/000258:ERROR:process_reader_win.cc(232)] ReadMemory at 0x75b40000 of 64 bytes failed: Only part of a ReadProcessMemory or WriteProcessMemory request was completed. (0x12B)
[0511/000258:WARNING:pe_image_reader.cc(280)] could not read dos header from C:\Windows\syswow64\WINTRUST.dll
[0511/000258:ERROR:process_reader_win.cc(232)] ReadMemory at 0x736f0000 of 64 bytes failed: Only part of a ReadProcessMemory or WriteProcessMemory request was completed. (0x12B)
[0511/000258:WARNING:pe_image_reader.cc(280)] could not read dos header from C:\Windows\system32\Secur32.dll
[0511/000258:ERROR:process_reader_win.cc(232)] ReadMemory at 0x6ce30000 of 64 bytes failed: Only part of a ReadProcessMemory or WriteProcessMemory request was completed. (0x12B)
[0511/000258:WARNING:pe_image_reader.cc(280)] could not read dos header from C:\Program Files (x86)\Google\Chrome\Application\50.0.2661.94\chrome_child.dll
[0511/000258:ERROR:process_reader_win.cc(232)] ReadMemory at 0x73540000 of 64 bytes failed: Only part of a ReadProcessMemory or WriteProcessMemory request was completed. (0x12B)
[0511/000258:WARNING:pe_image_reader.cc(280)] could not read dos header from C:\Windows\system32\dwrite.dll
[0511/000258:ERROR:process_reader_win.cc(232)] ReadMemory at 0x776d5100 of 5888 bytes failed: Only part of a ReadProcessMemory or WriteProcessMemory request was completed. (0x12B)
[0511/000258:ERROR:process_reader_win.cc(232)] ReadMemory at 0x130000 of 64 bytes failed: Only part of a ReadProcessMemory or WriteProcessMemory request was completed. (0x12B)
[0511/000258:WARNING:pe_image_reader.cc(280)] could not read dos header from C:\Program Files (x86)\Google\Chrome\Application\chrome.exe
[0511/000258:ERROR:process_reader_win.cc(232)] ReadMemory at 0x775d0000 of 64 bytes failed: Only part of a ReadProcessMemory or WriteProcessMemory request was completed. (0x12B)
[0511/000258:WARNING:pe_image_reader.cc(280)] could not read dos header from C:\Windows\SysWOW64\ntdll.dll
[0511/000258:ERROR:process_reader_win.cc(232)] ReadMemory at 0x75850000 of 64 bytes failed: Only part of a ReadProcessMemory or WriteProcessMemory request was completed. (0x12B)
[0511/000258:WARNING:pe_image_reader.cc(280)] could not read dos header from C:\Windows\syswow64\KERNELBASE.dll
[0511/000258:ERROR:process_reader_win.cc(232)] ReadMemory at 0x75e50000 of 64 bytes failed: Only part of a ReadProcessMemory or WriteProcessMemory request was completed. (0x12B)
[0511/000258:WARNING:pe_image_reader.cc(280)] could not read dos header from C:\Windows\syswow64\kernel32.dll
[0511/000258:ERROR:process_reader_win.cc(232)] ReadMemory at 0x75ce0000 of 64 bytes failed: Only part of a ReadProcessMemory or WriteProcessMemory request was completed. (0x12B)
[0511/000258:WARNING:pe_image_reader.cc(280)] could not read dos header from C:\Windows\syswow64\msvcrt.dll
[0511/000258:ERROR:process_reader_win.cc(232)] ReadMemory at 0x75120000 of 64 bytes failed: Only part of a ReadProcessMemory or WriteProcessMemory request was completed. (0x12B)
[0511/000258:WARNING:pe_image_reader.cc(280)] could not read dos header from C:\Windows\syswow64\CRYPTBASE.dll
[0511/000258:ERROR:process_reader_win.cc(232)] ReadMemory at 0x75130000 of 64 bytes failed: Only part of a ReadProcessMemory or WriteProcessMemory request was completed. (0x12B)
[0511/000258:WARNING:pe_image_reader.cc(280)] could not read dos header from C:\Windows\syswow64\SspiCli.dll
[0511/000258:ERROR:process_reader_win.cc(232)] ReadMemory at 0x75330000 of 64 bytes failed: Only part of a ReadProcessMemory or WriteProcessMemory request was completed. (0x12B)
[0511/000258:WARNING:pe_image_reader.cc(280)] could not read dos header from C:\Windows\syswow64\RPCRT4.dll
[0511/000258:ERROR:process_reader_win.cc(232)] ReadMemory at 0x75af0000 of 64 bytes failed: Only part of a ReadProcessMemory or WriteProcessMemory request was completed. (0x12B)
[0511/000258:WARNING:pe_image_reader.cc(280)] could not read dos header from C:\Windows\SysWOW64\sechost.dll
[0511/000258:ERROR:process_reader_win.cc(232)] ReadMemory at 0x75f80000 of 64 bytes failed: Only part of a ReadProcessMemory or WriteProcessMemory request was completed. (0x12B)
[0511/000258:WARNING:pe_image_reader.cc(280)] could not read dos header from C:\Windows\syswow64\ADVAPI32.dll
[0511/000258:ERROR:process_reader_win.cc(232)] ReadMemory at 0x73840000 of 64 bytes failed: Only part of a ReadProcessMemory or WriteProcessMemory request was completed. (0x12B)
[0511/000258:WARNING:pe_image_reader.cc(280)] could not read dos header from C:\Program Files (x86)\Google\Chrome\Application\50.0.2661.94\chrome_elf.dll
[0511/000258:ERROR:process_reader_win.cc(232)] ReadMemory at 0x72c00000 of 64 bytes failed: Only part of a ReadProcessMemory or WriteProcessMemory request was completed. (0x12B)
[0511/000258:WARNING:pe_image_reader.cc(280)] could not read dos header from C:\Windows\system32\VERSION.dll
[0511/000258:ERROR:process_reader_win.cc(232)] ReadMemory at 0x761c0000 of 64 bytes failed: Only part of a ReadProcessMemory or WriteProcessMemory request was completed. (0x12B)
[0511/000258:WARNING:pe_image_reader.cc(280)] could not read dos header from C:\Windows\syswow64\USP10.dll
[0511/000258:ERROR:process_reader_win.cc(232)] ReadMemory at 0x75d90000 of 64 bytes failed: Only part of a ReadProcessMemory or WriteProcessMemory request was completed. (0x12B)
[0511/000258:WARNING:pe_image_reader.cc(280)] could not read dos header from C:\Windows\syswow64\LPK.dll
[0511/000258:ERROR:process_reader_win.cc(232)] ReadMemory at 0x76130000 of 64 bytes failed: Only part of a ReadProcessMemory or WriteProcessMemory request was completed. (0x12B)
[0511/000258:WARNING:pe_image_reader.cc(280)] could not read dos header from C:\Windows\syswow64\GDI32.dll
[0511/000258:ERROR:process_reader_win.cc(232)] ReadMemory at 0x75990000 of 64 bytes failed: Only part of a ReadProcessMemory or WriteProcessMemory request was completed. (0x12B)
[0511/000258:WARNING:pe_image_reader.cc(280)] could not read dos header from C:\Windows\syswow64\USER32.dll
[0511/000258:ERROR:process_reader_win.cc(232)] ReadMemory at 0x73f90000 of 64 bytes failed: Only part of a ReadProcessMemory or WriteProcessMemory request was completed. (0x12B)
[0511/000258:WARNING:pe_image_reader.cc(280)] could not read dos header from C:\Windows\system32\WINMM.dll
[0511/000258:ERROR:process_reader_win.cc(232)] ReadMemory at 0x72bd0000 of 64 bytes failed: Only part of a ReadProcessMemory or WriteProcessMemory request was completed. (0x12B)
[0511/000258:WARNING:pe_image_reader.cc(280)] could not read dos header from C:\Windows\system32\profapi.dll
[0511/000258:ERROR:process_reader_win.cc(232)] ReadMemory at 0x73820000 of 64 bytes failed: Only part of a ReadProcessMemory or WriteProcessMemory request was completed. (0x12B)
[0511/000258:WARNING:pe_image_reader.cc(280)] could not read dos header from C:\Windows\system32\USERENV.dll
[0511/000258:ERROR:process_reader_win.cc(232)] ReadMemory at 0x73dc0000 of 64 bytes failed: Only part of a ReadProcessMemory or WriteProcessMemory request was completed. (0x12B)
[0511/000258:WARNING:pe_image_reader.cc(280)] could not read dos header from C:\Windows\system32\WTSAPI32.dll
[0511/000258:ERROR:process_reader_win.cc(232)] ReadMemory at 0x73770000 of 64 bytes failed: Only part of a ReadProcessMemory or WriteProcessMemory request was completed. (0x12B)
[0511/000258:WARNING:pe_image_reader.cc(280)] could not read dos header from C:\Windows\system32\webio.dll
[0511/000258:ERROR:process_reader_win.cc(232)] ReadMemory at 0x737c0000 of 64 bytes failed: Only part of a ReadProcessMemory or WriteProcessMemory request was completed. (0x12B)
[0511/000258:WARNING:pe_image_reader.cc(280)] could not read dos header from C:\Windows\system32\WINHTTP.dll
[0511/000258:ERROR:process_reader_win.cc(232)] ReadMemory at 0x76060000 of 64 bytes failed: Only part of a ReadProcessMemory or WriteProcessMemory request was completed. (0x12B)
[0511/000258:WARNING:pe_image_reader.cc(280)] could not read dos header from C:\Windows\syswow64\MSCTF.dll
[0511/000258:ERROR:process_reader_win.cc(232)] ReadMemory at 0x75a90000 of 64 bytes failed: Only part of a ReadProcessMemory or WriteProcessMemory request was completed. (0x12B)
[0511/000258:WARNING:pe_image_reader.cc(280)] could not read dos header from C:\Windows\system32\IMM32.DLL
[0511/000258:ERROR:process_reader_win.cc(232)] ReadMemory at 0x75c80000 of 64 bytes failed: Only part of a ReadProcessMemory or WriteProcessMemory request was completed. (0x12B)
[0511/000258:WARNING:pe_image_reader.cc(280)] could not read dos header from C:\Windows\syswow64\SHLWAPI.dll
[0511/000258:ERROR:process_reader_win.cc(232)] ReadMemory at 0x76580000 of 64 bytes failed: Only part of a ReadProcessMemory or WriteProcessMemory request was completed. (0x12B)
[0511/000258:WARNING:pe_image_reader.cc(280)] could not read dos header from C:\Windows\syswow64\SHELL32.dll
[0511/000258:ERROR:process_reader_win.cc(232)] ReadMemory at 0x75550000 of 64 bytes failed: Only part of a ReadProcessMemory or WriteProcessMemory request was completed. (0x12B)
[0511/000258:WARNING:pe_image_reader.cc(280)] could not read dos header from C:\Windows\syswow64\PSAPI.DLL
[0511/000258:ERROR:process_reader_win.cc(232)] ReadMemory at 0x733e0000 of 64 bytes failed: Only part of a ReadProcessMemory or WriteProcessMemory request was completed. (0x12B)
[0511/000258:WARNING:pe_image_reader.cc(280)] could not read dos header from C:\Windows\system32\WINSPOOL.DRV
[0511/000258:ERROR:process_reader_win.cc(232)] ReadMemory at 0x72a20000 of 64 bytes failed: Only part of a ReadProcessMemory or WriteProcessMemory request was completed. (0x12B)
[0511/000258:WARNING:pe_image_reader.cc(280)] could not read dos header from C:\Windows\WinSxS\x86_microsoft.windows.common-controls_6595b64144ccf1df_6.0.7600.16385_none_421189da2b7fabfc\COMCTL32.dll
[0511/000258:ERROR:process_reader_win.cc(232)] ReadMemory at 0x75dd0000 of 64 bytes failed: Only part of a ReadProcessMemory or WriteProcessMemory request was completed. (0x12B)
[0511/000258:WARNING:pe_image_reader.cc(280)] could not read dos header from C:\Windows\syswow64\COMDLG32.dll
[0511/000258:ERROR:process_reader_win.cc(232)] ReadMemory at 0x755b0000 of 64 bytes failed: Only part of a ReadProcessMemory or WriteProcessMemory request was completed. (0x12B)
[0511/000258:WARNING:pe_image_reader.cc(280)] could not read dos header from C:\Windows\syswow64\ole32.dll
[0511/000258:ERROR:process_reader_win.cc(232)] ReadMemory at 0x75900000 of 64 bytes failed: Only part of a ReadProcessMemory or WriteProcessMemory request was completed. (0x12B)
[0511/000258:WARNING:pe_image_reader.cc(280)] could not read dos header from C:\Windows\syswow64\OLEAUT32.dll
[0511/000258:ERROR:process_reader_win.cc(232)] ReadMemory at 0x75420000 of 64 bytes failed: Only part of a ReadProcessMemory or WriteProcessMemory request was completed. (0x12B)
[0511/000258:WARNING:pe_image_reader.cc(280)] could not read dos header from C:\Windows\syswow64\NSI.dll
[0511/000258:ERROR:process_reader_win.cc(232)] ReadMemory at 0x73440000 of 64 bytes failed: Only part of a ReadProcessMemory or WriteProcessMemory request was completed. (0x12B)
[0511/000258:WARNING:pe_image_reader.cc(280)] could not read dos header from C:\Windows\system32\WINNSI.DLL
[0511/000258:ERROR:process_reader_win.cc(232)] ReadMemory at 0x72fa0000 of 64 bytes failed: Only part of a ReadProcessMemory or WriteProcessMemory request was completed. (0x12B)
[0511/000258:WARNING:pe_image_reader.cc(280)] could not read dos header from C:\Windows\system32\IPHLPAPI.DLL
[0511/000258:ERROR:process_reader_win.cc(232)] ReadMemory at 0x76020000 of 64 bytes failed: Only part of a ReadProcessMemory or WriteProcessMemory request was completed. (0x12B)
[0511/000258:WARNING:pe_image_reader.cc(280)] could not read dos header from C:\Windows\syswow64\WS2_32.dll
[0511/000258:ERROR:process_reader_win.cc(232)] ReadMemory at 0x775a0000 of 64 bytes failed: Only part of a ReadProcessMemory or WriteProcessMemory request was completed. (0x12B)
[0511/000258:WARNING:pe_image_reader.cc(280)] could not read dos header from C:\Windows\syswow64\MSASN1.dll
[0511/000258:ERROR:process_reader_win.cc(232)] ReadMemory at 0x76460000 of 64 bytes failed: Only part of a ReadProcessMemory or WriteProcessMemory request was completed. (0x12B)
[0511/000258:WARNING:pe_image_reader.cc(280)] could not read dos header from C:\Windows\syswow64\CRYPT32.dll
[0511/000258:ERROR:process_reader_win.cc(232)] ReadMemory at 0x75b40000 of 64 bytes failed: Only part of a ReadProcessMemory or WriteProcessMemory request was completed. (0x12B)
[0511/000258:WARNING:pe_image_reader.cc(280)] could not read dos header from C:\Windows\syswow64\WINTRUST.dll
[0511/000258:ERROR:process_reader_win.cc(232)] ReadMemory at 0x736f0000 of 64 bytes failed: Only part of a ReadProcessMemory or WriteProcessMemory request was completed. (0x12B)
[0511/000258:WARNING:pe_image_reader.cc(280)] could not read dos header from C:\Windows\system32\Secur32.dll
[0511/000258:ERROR:process_reader_win.cc(232)] ReadMemory at 0x6ce30000 of 64 bytes failed: Only part of a ReadProcessMemory or WriteProcessMemory request was completed. (0x12B)
[0511/000258:WARNING:pe_image_reader.cc(280)] could not read dos header from C:\Program Files (x86)\Google\Chrome\Application\50.0.2661.94\chrome_child.dll
[0511/000258:ERROR:process_reader_win.cc(232)] ReadMemory at 0x73540000 of 64 bytes failed: Only part of a ReadProcessMemory or WriteProcessMemory request was completed. (0x12B)
[0511/000258:WARNING:pe_image_reader.cc(280)] could not read dos header from C:\Windows\system32\dwrite.dll
[0511/000258:ERROR:process_reader_win.cc(98)] process 2136 not found
[0511/000258:ERROR:process_reader_win.cc(232)] ReadMemory at 0x1dd1b4 of 12 bytes failed: Only part of a ReadProcessMemory or WriteProcessMemory request was completed. (0x12B)
[0511/000258:WARNING:process_snapshot_win.cc(96)] ReadMemory ExceptionInformation failed
[0511/000258:WARNING:crash_report_exception_handler.cc(60)] ProcessSnapshotWin::InitializeException failed
[0511/000258:ERROR:scoped_process_suspend.cc(38)] NtResumeProcess, ntstatus=-1073741558
